SonarQube plugins:
  - Python Code Quality and Security 3.5.0.8244 (python)
  - CSS Code Quality and Security 1.4.2.2002 (cssfamily)
  - Go Code Quality and Security 1.8.3.2219 (go)
  - JaCoCo 1.1.1.1157 (jacoco)
  - Kotlin Code Quality and Security 2.0.1.110 (kotlin)
  - JavaScript/TypeScript Code Quality and Security 8.1.0.15788 (javascript)
  - Ruby Code Quality and Security 1.8.3.2219 (ruby)
  - Scala Code Quality and Security 1.8.3.2219 (sonarscala)
  - C# Code Quality and Security 8.25.0.33663 (csharp)
  - Java Code Quality and Security 7.1.0.26670 (java)
  - HTML Code Quality and Security 3.4.0.2754 (web)
  - Flex Code Quality and Security 2.6.2.2641 (flex)
  - XML Code Quality and Security 2.2.0.2973 (xml)
  - PHP Code Quality and Security 3.17.0.7439 (php)
  - VB.NET Code Quality and Security 8.25.0.33663 (vbnet)
Global server settings:
  - sonar.core.id=BF41A1F2-AXt8l1Ec3ZvlSyBfpulh
  - sonar.core.startTime=2021-08-25T10:14:55+0100
  - sonar.forceAuthentication=true
Project server settings:
Project scanner properties:
  - sonar.host.url=http://localhost:9000
  - sonar.java.binaries=C:\GnaniStore\SpringProject\SpringLearningProject\target\classes
  - sonar.login=******
  - sonar.password=******
  - sonar.projectBaseDir=C:\GnaniStore\SpringProject\SpringLearningProject
  - sonar.projectKey=SpringLearningProject
  - sonar.projectName=SpringLearningProject
  - sonar.projectVersion=1.0
  - sonar.scanner.app=ScannerCLI
  - sonar.scanner.appVersion=4.6.2.2472
  - sonar.scm.url=
  - sonar.sourceEncoding=windows-1252
  - sonar.sources=.
  - sonar.verbose=true
  - sonar.working.directory=C:\GnaniStore\SpringProject\SpringLearningProject\.scannerwork
